[2024-06-21 03:55:14] production.ERROR: Command "servephp" is not defined. {"exception":"[object] (Symfony\\Component\\Console\\Exception\\CommandNotFoundException(code: 0): Command \"servephp\" is not defined. at C:\\Users\\Zcjota\\Documents\\Mip\\Mip\\vendor\\symfony\\console\\Application.php:678)
[stacktrace]
#0 C:\\Users\\Zcjota\\Documents\\Mip\\Mip\\vendor\\symfony\\console\\Application.php(237): Symfony\\Component\\Console\\Application->find('servephp')
#1 C:\\Users\\Zcjota\\Documents\\Mip\\Mip\\vendor\\symfony\\console\\Application.php(149): Symfony\\Component\\Console\\Application->doRun(Object(Symfony\\Component\\Console\\Input\\ArgvInput), Object(Symfony\\Component\\Console\\Output\\ConsoleOutput))
#2 C:\\Users\\Zcjota\\Documents\\Mip\\Mip\\vendor\\laravel\\framework\\src\\Illuminate\\Console\\Application.php(90): Symfony\\Component\\Console\\Application->run(Object(Symfony\\Component\\Console\\Input\\ArgvInput), Object(Symfony\\Component\\Console\\Output\\ConsoleOutput))
#3 C:\\Users\\Zcjota\\Documents\\Mip\\Mip\\vendor\\laravel\\framework\\src\\Illuminate\\Foundation\\Console\\Kernel.php(133): Illuminate\\Console\\Application->run(Object(Symfony\\Component\\Console\\Input\\ArgvInput), Object(Symfony\\Component\\Console\\Output\\ConsoleOutput))
#4 C:\\Users\\Zcjota\\Documents\\Mip\\Mip\\artisan(37): Illuminate\\Foundation\\Console\\Kernel->handle(Object(Symfony\\Component\\Console\\Input\\ArgvInput), Object(Symfony\\Component\\Console\\Output\\ConsoleOutput))
#5 {main}
"} 
[2024-06-21 03:55:25] production.ERROR: SQLSTATE[HY000] [1049] Unknown database 'mip-test' (SQL: select count(*) as aggregate from `usuario` where `LOGIN` = cavargas and `PASSWORD` = 2016) {"exception":"[object] (Illuminate\\Database\\QueryException(code: 1049): SQLSTATE[HY000] [1049] Unknown database 'mip-test' (SQL: select count(*) as aggregate from `usuario` where `LOGIN` = cavargas and `PASSWORD` = 2016) at C:\\Users\\Zcjota\\Documents\\Mip\\Mip\\vendor\\laravel\\framework\\src\\Illuminate\\Database\\Connection.php:664, PDOException(code: 1049): SQLSTATE[HY000] [1049] Unknown database 'mip-test' at C:\\Users\\Zcjota\\Documents\\Mip\\Mip\\vendor\\laravel\\framework\\src\\Illuminate\\Database\\Connectors\\Connector.php:70)
[stacktrace]
#0 C:\\Users\\Zcjota\\Documents\\Mip\\Mip\\vendor\\laravel\\framework\\src\\Illuminate\\Database\\Connection.php(624): Illuminate\\Database\\Connection->runQueryCallback('select count(*)...', Array, Object(Closure))
#1 C:\\Users\\Zcjota\\Documents\\Mip\\Mip\\vendor\\laravel\\framework\\src\\Illuminate\\Database\\Connection.php(333): Illuminate\\Database\\Connection->run('select count(*)...', Array, Object(Closure))
#2 C:\\Users\\Zcjota\\Documents\\Mip\\Mip\\vendor\\laravel\\framework\\src\\Illuminate\\Database\\Query\\Builder.php(2130): Illuminate\\Database\\Connection->select('select count(*)...', Array, true)
#3 C:\\Users\\Zcjota\\Documents\\Mip\\Mip\\vendor\\laravel\\framework\\src\\Illuminate\\Database\\Query\\Builder.php(2118): Illuminate\\Database\\Query\\Builder->runSelect()
#4 C:\\Users\\Zcjota\\Documents\\Mip\\Mip\\vendor\\laravel\\framework\\src\\Illuminate\\Database\\Query\\Builder.php(2604): Illuminate\\Database\\Query\\Builder->Illuminate\\Database\\Query\\{closure}()
#5 C:\\Users\\Zcjota\\Documents\\Mip\\Mip\\vendor\\laravel\\framework\\src\\Illuminate\\Database\\Query\\Builder.php(2119): Illuminate\\Database\\Query\\Builder->onceWithColumns(Array, Object(Closure))
#6 C:\\Users\\Zcjota\\Documents\\Mip\\Mip\\vendor\\laravel\\framework\\src\\Illuminate\\Database\\Query\\Builder.php(2531): Illuminate\\Database\\Query\\Builder->get(Array)
#7 C:\\Users\\Zcjota\\Documents\\Mip\\Mip\\vendor\\laravel\\framework\\src\\Illuminate\\Database\\Query\\Builder.php(2459): Illuminate\\Database\\Query\\Builder->aggregate('count', Array)
#8 C:\\Users\\Zcjota\\Documents\\Mip\\Mip\\vendor\\laravel\\framework\\src\\Illuminate\\Database\\Eloquent\\Builder.php(1353): Illuminate\\Database\\Query\\Builder->count()
#9 C:\\Users\\Zcjota\\Documents\\Mip\\Mip\\app\\Http\\Controllers\\UsuarioController.php(85): Illuminate\\Database\\Eloquent\\Builder->__call('count', Array)
#10 [internal function]: App\\Http\\Controllers\\UsuarioController->verificar(Object(Illuminate\\Http\\Request))
#11 C:\\Users\\Zcjota\\Documents\\Mip\\Mip\\vendor\\laravel\\framework\\src\\Illuminate\\Routing\\Controller.php(54): call_user_func_array(Array, Array)
#12 C:\\Users\\Zcjota\\Documents\\Mip\\Mip\\vendor\\laravel\\framework\\src\\Illuminate\\Routing\\ControllerDispatcher.php(45): Illuminate\\Routing\\Controller->callAction('verificar', Array)
#13 C:\\Users\\Zcjota\\Documents\\Mip\\Mip\\vendor\\laravel\\framework\\src\\Illuminate\\Routing\\Route.php(219): Illuminate\\Routing\\ControllerDispatcher->dispatch(Object(Illuminate\\Routing\\Route), Object(App\\Http\\Controllers\\UsuarioController), 'verificar')
#14 C:\\Users\\Zcjota\\Documents\\Mip\\Mip\\vendor\\laravel\\framework\\src\\Illuminate\\Routing\\Route.php(176): Illuminate\\Routing\\Route->runController()
#15 C:\\Users\\Zcjota\\Documents\\Mip\\Mip\\vendor\\laravel\\framework\\src\\Illuminate\\Routing\\Router.php(680): Illuminate\\Routing\\Route->run()
#16 C:\\Users\\Zcjota\\Documents\\Mip\\Mip\\vendor\\laravel\\framework\\src\\Illuminate\\Routing\\Pipeline.php(30): Illuminate\\Routing\\Router->Illuminate\\Routing\\{closure}(Object(Illuminate\\Http\\Request))
#17 C:\\Users\\Zcjota\\Documents\\Mip\\Mip\\vendor\\laravel\\framework\\src\\Illuminate\\Routing\\Middleware\\SubstituteBindings.php(41): Illuminate\\Routing\\Pipeline->Illuminate\\Routing\\{closure}(Object(Illuminate\\Http\\Request))
#18 C:\\Users\\Zcjota\\Documents\\Mip\\Mip\\vendor\\laravel\\framework\\src\\Illuminate\\Pipeline\\Pipeline.php(163): Illuminate\\Routing\\Middleware\\SubstituteBindings->handle(Object(Illuminate\\Http\\Request), Object(Closure))
#19 C:\\Users\\Zcjota\\Documents\\Mip\\Mip\\vendor\\laravel\\framework\\src\\Illuminate\\Routing\\Pipeline.php(53): Illuminate\\Pipeline\\Pipeline->Illuminate\\Pipeline\\{closure}(Object(Illuminate\\Http\\Request))
#20 C:\\Users\\Zcjota\\Documents\\Mip\\Mip\\vendor\\laravel\\framework\\src\\Illuminate\\Foundation\\Http\\Middleware\\VerifyCsrfToken.php(75): Illuminate\\Routing\\Pipeline->Illuminate\\Routing\\{closure}(Object(Illuminate\\Http\\Request))
#21 C:\\Users\\Zcjota\\Documents\\Mip\\Mip\\vendor\\laravel\\framework\\src\\Illuminate\\Pipeline\\Pipeline.php(163): Illuminate\\Foundation\\Http\\Middleware\\VerifyCsrfToken->handle(Object(Illuminate\\Http\\Request), Object(Closure))
#22 C:\\Users\\Zcjota\\Documents\\Mip\\Mip\\vendor\\laravel\\framework\\src\\Illuminate\\Routing\\Pipeline.php(53): Illuminate\\Pipeline\\Pipeline->Illuminate\\Pipeline\\{closure}(Object(Illuminate\\Http\\Request))
#23 C:\\Users\\Zcjota\\Documents\\Mip\\Mip\\vendor\\laravel\\framework\\src\\Illuminate\\View\\Middleware\\ShareErrorsFromSession.php(49): Illuminate\\Routing\\Pipeline->Illuminate\\Routing\\{closure}(Object(Illuminate\\Http\\Request))
#24 C:\\Users\\Zcjota\\Documents\\Mip\\Mip\\vendor\\laravel\\framework\\src\\Illuminate\\Pipeline\\Pipeline.php(163): Illuminate\\View\\Middleware\\ShareErrorsFromSession->handle(Object(Illuminate\\Http\\Request), Object(Closure))
#25 C:\\Users\\Zcjota\\Documents\\Mip\\Mip\\vendor\\laravel\\framework\\src\\Illuminate\\Routing\\Pipeline.php(53): Illuminate\\Pipeline\\Pipeline->Illuminate\\Pipeline\\{closure}(Object(Illuminate\\Http\\Request))
#26 C:\\Users\\Zcjota\\Documents\\Mip\\Mip\\vendor\\laravel\\framework\\src\\Illuminate\\Session\\Middleware\\StartSession.php(56): Illuminate\\Routing\\Pipeline->Illuminate\\Routing\\{closure}(Object(Illuminate\\Http\\Request))
#27 C:\\Users\\Zcjota\\Documents\\Mip\\Mip\\vendor\\laravel\\framework\\src\\Illuminate\\Pipeline\\Pipeline.php(163): Illuminate\\Session\\Middleware\\StartSession->handle(Object(Illuminate\\Http\\Request), Object(Closure))
#28 C:\\Users\\Zcjota\\Documents\\Mip\\Mip\\vendor\\laravel\\framework\\src\\Illuminate\\Routing\\Pipeline.php(53): Illuminate\\Pipeline\\Pipeline->Illuminate\\Pipeline\\{closure}(Object(Illuminate\\Http\\Request))
#29 C:\\Users\\Zcjota\\Documents\\Mip\\Mip\\vendor\\laravel\\framework\\src\\Illuminate\\Cookie\\Middleware\\AddQueuedCookiesToResponse.php(37): Illuminate\\Routing\\Pipeline->Illuminate\\Routing\\{closure}(Object(Illuminate\\Http\\Request))
#30 C:\\Users\\Zcjota\\Documents\\Mip\\Mip\\vendor\\laravel\\framework\\src\\Illuminate\\Pipeline\\Pipeline.php(163): Illuminate\\Cookie\\Middleware\\AddQueuedCookiesToResponse->handle(Object(Illuminate\\Http\\Request), Object(Closure))
#31 C:\\Users\\Zcjota\\Documents\\Mip\\Mip\\vendor\\laravel\\framework\\src\\Illuminate\\Routing\\Pipeline.php(53): Illuminate\\Pipeline\\Pipeline->Illuminate\\Pipeline\\{closure}(Object(Illuminate\\Http\\Request))
#32 C:\\Users\\Zcjota\\Documents\\Mip\\Mip\\vendor\\laravel\\framework\\src\\Illuminate\\Cookie\\Middleware\\EncryptCookies.php(66): Illuminate\\Routing\\Pipeline->Illuminate\\Routing\\{closure}(Object(Illuminate\\Http\\Request))
#33 C:\\Users\\Zcjota\\Documents\\Mip\\Mip\\vendor\\laravel\\framework\\src\\Illuminate\\Pipeline\\Pipeline.php(163): Illuminate\\Cookie\\Middleware\\EncryptCookies->handle(Object(Illuminate\\Http\\Request), Object(Closure))
#34 C:\\Users\\Zcjota\\Documents\\Mip\\Mip\\vendor\\laravel\\framework\\src\\Illuminate\\Routing\\Pipeline.php(53): Illuminate\\Pipeline\\Pipeline->Illuminate\\Pipeline\\{closure}(Object(Illuminate\\Http\\Request))
#35 C:\\Users\\Zcjota\\Documents\\Mip\\Mip\\vendor\\laravel\\framework\\src\\Illuminate\\Pipeline\\Pipeline.php(104): Illuminate\\Routing\\Pipeline->Illuminate\\Routing\\{closure}(Object(Illuminate\\Http\\Request))
#36 C:\\Users\\Zcjota\\Documents\\Mip\\Mip\\vendor\\laravel\\framework\\src\\Illuminate\\Routing\\Router.php(682): Illuminate\\Pipeline\\Pipeline->then(Object(Closure))
#37 C:\\Users\\Zcjota\\Documents\\Mip\\Mip\\vendor\\laravel\\framework\\src\\Illuminate\\Routing\\Router.php(657): Illuminate\\Routing\\Router->runRouteWithinStack(Object(Illuminate\\Routing\\Route), Object(Illuminate\\Http\\Request))
#38 C:\\Users\\Zcjota\\Documents\\Mip\\Mip\\vendor\\laravel\\framework\\src\\Illuminate\\Routing\\Router.php(623): Illuminate\\Routing\\Router->runRoute(Object(Illuminate\\Http\\Request), Object(Illuminate\\Routing\\Route))
#39 C:\\Users\\Zcjota\\Documents\\Mip\\Mip\\vendor\\laravel\\framework\\src\\Illuminate\\Routing\\Router.php(612): Illuminate\\Routing\\Router->dispatchToRoute(Object(Illuminate\\Http\\Request))
#40 C:\\Users\\Zcjota\\Documents\\Mip\\Mip\\vendor\\laravel\\framework\\src\\Illuminate\\Foundation\\Http\\Kernel.php(176): Illuminate\\Routing\\Router->dispatch(Object(Illuminate\\Http\\Request))
#41 C:\\Users\\Zcjota\\Documents\\Mip\\Mip\\vendor\\laravel\\framework\\src\\Illuminate\\Routing\\Pipeline.php(30): Illuminate\\Foundation\\Http\\Kernel->Illuminate\\Foundation\\Http\\{closure}(Object(Illuminate\\Http\\Request))
#42 C:\\Users\\Zcjota\\Documents\\Mip\\Mip\\vendor\\fideloper\\proxy\\src\\TrustProxies.php(57): Illuminate\\Routing\\Pipeline->Illuminate\\Routing\\{closure}(Object(Illuminate\\Http\\Request))
#43 C:\\Users\\Zcjota\\Documents\\Mip\\Mip\\vendor\\laravel\\framework\\src\\Illuminate\\Pipeline\\Pipeline.php(163): Fideloper\\Proxy\\TrustProxies->handle(Object(Illuminate\\Http\\Request), Object(Closure))
#44 C:\\Users\\Zcjota\\Documents\\Mip\\Mip\\vendor\\laravel\\framework\\src\\Illuminate\\Routing\\Pipeline.php(53): Illuminate\\Pipeline\\Pipeline->Illuminate\\Pipeline\\{closure}(Object(Illuminate\\Http\\Request))
#45 C:\\Users\\Zcjota\\Documents\\Mip\\Mip\\vendor\\laravel\\framework\\src\\Illuminate\\Foundation\\Http\\Middleware\\TransformsRequest.php(21): Illuminate\\Routing\\Pipeline->Illuminate\\Routing\\{closure}(Object(Illuminate\\Http\\Request))
#46 C:\\Users\\Zcjota\\Documents\\Mip\\Mip\\vendor\\laravel\\framework\\src\\Illuminate\\Pipeline\\Pipeline.php(163): Illuminate\\Foundation\\Http\\Middleware\\TransformsRequest->handle(Object(Illuminate\\Http\\Request), Object(Closure))
#47 C:\\Users\\Zcjota\\Documents\\Mip\\Mip\\vendor\\laravel\\framework\\src\\Illuminate\\Routing\\Pipeline.php(53): Illuminate\\Pipeline\\Pipeline->Illuminate\\Pipeline\\{closure}(Object(Illuminate\\Http\\Request))
#48 C:\\Users\\Zcjota\\Documents\\Mip\\Mip\\vendor\\laravel\\framework\\src\\Illuminate\\Foundation\\Http\\Middleware\\TransformsRequest.php(21): Illuminate\\Routing\\Pipeline->Illuminate\\Routing\\{closure}(Object(Illuminate\\Http\\Request))
#49 C:\\Users\\Zcjota\\Documents\\Mip\\Mip\\vendor\\laravel\\framework\\src\\Illuminate\\Pipeline\\Pipeline.php(163): Illuminate\\Foundation\\Http\\Middleware\\TransformsRequest->handle(Object(Illuminate\\Http\\Request), Object(Closure))
#50 C:\\Users\\Zcjota\\Documents\\Mip\\Mip\\vendor\\laravel\\framework\\src\\Illuminate\\Routing\\Pipeline.php(53): Illuminate\\Pipeline\\Pipeline->Illuminate\\Pipeline\\{closure}(Object(Illuminate\\Http\\Request))
#51 C:\\Users\\Zcjota\\Documents\\Mip\\Mip\\vendor\\laravel\\framework\\src\\Illuminate\\Foundation\\Http\\Middleware\\ValidatePostSize.php(27): Illuminate\\Routing\\Pipeline->Illuminate\\Routing\\{closure}(Object(Illuminate\\Http\\Request))
#52 C:\\Users\\Zcjota\\Documents\\Mip\\Mip\\vendor\\laravel\\framework\\src\\Illuminate\\Pipeline\\Pipeline.php(163): Illuminate\\Foundation\\Http\\Middleware\\ValidatePostSize->handle(Object(Illuminate\\Http\\Request), Object(Closure))
#53 C:\\Users\\Zcjota\\Documents\\Mip\\Mip\\vendor\\laravel\\framework\\src\\Illuminate\\Routing\\Pipeline.php(53): Illuminate\\Pipeline\\Pipeline->Illuminate\\Pipeline\\{closure}(Object(Illuminate\\Http\\Request))
#54 C:\\Users\\Zcjota\\Documents\\Mip\\Mip\\vendor\\laravel\\framework\\src\\Illuminate\\Foundation\\Http\\Middleware\\CheckForMaintenanceMode.php(62): Illuminate\\Routing\\Pipeline->Illuminate\\Routing\\{closure}(Object(Illuminate\\Http\\Request))
#55 C:\\Users\\Zcjota\\Documents\\Mip\\Mip\\vendor\\laravel\\framework\\src\\Illuminate\\Pipeline\\Pipeline.php(163): Illuminate\\Foundation\\Http\\Middleware\\CheckForMaintenanceMode->handle(Object(Illuminate\\Http\\Request), Object(Closure))
#56 C:\\Users\\Zcjota\\Documents\\Mip\\Mip\\vendor\\laravel\\framework\\src\\Illuminate\\Routing\\Pipeline.php(53): Illuminate\\Pipeline\\Pipeline->Illuminate\\Pipeline\\{closure}(Object(Illuminate\\Http\\Request))
#57 C:\\Users\\Zcjota\\Documents\\Mip\\Mip\\vendor\\laravel\\framework\\src\\Illuminate\\Pipeline\\Pipeline.php(104): Illuminate\\Routing\\Pipeline->Illuminate\\Routing\\{closure}(Object(Illuminate\\Http\\Request))
#58 C:\\Users\\Zcjota\\Documents\\Mip\\Mip\\vendor\\laravel\\framework\\src\\Illuminate\\Foundation\\Http\\Kernel.php(151): Illuminate\\Pipeline\\Pipeline->then(Object(Closure))
#59 C:\\Users\\Zcjota\\Documents\\Mip\\Mip\\vendor\\laravel\\framework\\src\\Illuminate\\Foundation\\Http\\Kernel.php(116): Illuminate\\Foundation\\Http\\Kernel->sendRequestThroughRouter(Object(Illuminate\\Http\\Request))
#60 C:\\Users\\Zcjota\\Documents\\Mip\\Mip\\public\\index.php(62): Illuminate\\Foundation\\Http\\Kernel->handle(Object(Illuminate\\Http\\Request))
#61 C:\\Users\\Zcjota\\Documents\\Mip\\Mip\\server.php(21): require_once('C:\\\\Users\\\\Zcjota...')
#62 {main}
"} 
[2024-06-21 04:36:31] production.INFO: Info Log MIP: User=>19 ::Result=>{"data":{"COD_ORDEN_TRABAJO":76436,"COD_CLIENTE":11689,"NOMCLIENTE":"INDUSTRIAS BELEN","AP_CLIENTE":"SRL.","AM_CLIENTE":"4","CONTACTO":"ING. YENNIFER POL","DIRECCION":"5 ANILLO AV. CAMBODROMO","TELEFONO":"74168977","FECHA1":"2024-01-04","FECHAS":"2024-01-05","HORA_SERVICIO":"09:30","RAZON_SOCIAL":null,"NIT":null,"OBSERVACIONES":" UNDEFINED CONTROL DE PLAGAS","PRECIO":50,"BS":0,"NRO_TECNICOS":1,"COD_EQUIPO":0,"APROBADA":1,"COBRADA":0,"SUSPENDIDA":0,"TIEMPO_SERVICIO":30,"COD_EJECUTIVO_VENTAS":73,"NOMBRE":"MIGUEL ANGEL","AP_PATERNO":"MURILLO","AP_MATERNO":"CAZON","NRO_ORDEN":64,"RESPONSABLES":null,"NRO_SERVICIO":2222,"ACTIVO":1,"TIPO_PAGO":2,"PLAZO":30,"REPROGRAMADA":0,"INICIAL":1,"cliente":"SRL. 4 INDUSTRIAS BELEN","TIPO_PAGOS":"CREDITO","PLAZOS":"30 DIAS","estado":"APROBADA"},"data1":{"CODNUM":1,"DESCRIPCION":"SRL. 4 INDUSTRIAS BELEN","FECHA_RECIBO":null,"NRO_RECIBO":"","CONTADO_NRO_DEPOSITO":"","NRO_CHEQUE_NRO_DEPOSITO":"","TRANSFERENCIA":"","FECHA_FACTURA":"2024-01-26","NRO_FACTURA":"1908","DEBE":"DEBE","MONTO_BS":"","MONTO_DOLAR":"50","BANDERA":1,"fecEstimada":"2024-02-25","montopagodolar":"50 USD","BS":" BS","difpago":"","fecha_recibo_":null,"nro_recibo":"","contado_nro_deposito":"","nro_cheque":"","transferencia":"","fecha_factura_":"2024-01-26","nro_factura":"1908","debe":"DEBE"}} ::Message=>   
[2024-06-21 05:08:11] production.INFO: Info Log MIP: User=>19 ::Result=>{"current_page":1,"data":[],"first_page_url":"http:\/\/127.0.0.1:8000\/api\/recibosOT?page=1","from":null,"last_page":1,"last_page_url":"http:\/\/127.0.0.1:8000\/api\/recibosOT?page=1","next_page_url":null,"path":"http:\/\/127.0.0.1:8000\/api\/recibosOT","per_page":10,"prev_page_url":null,"to":null,"total":0} ::Message=>   
[2024-06-21 05:08:12] production.INFO: Info Log MIP: User=>19 ::Result=>[{"cod_bc":2,"nro_cuenta":"106255204","moneda":"M\/E","cod_b":1,"sigla":"ECO","nombre":"BANCO ECONOMICO S.A. ","tipo":1},{"cod_bc":3,"nro_cuenta":"1041305633","moneda":"M\/N","cod_b":1,"sigla":"ECO","nombre":"BANCO ECONOMICO S.A. ","tipo":1},{"cod_bc":5,"nro_cuenta":"1042305642","moneda":"M\/E","cod_b":1,"sigla":"ECO","nombre":"BANCO ECONOMICO S.A. ","tipo":1},{"cod_bc":6,"nro_cuenta":"1310209513","moneda":"M\/N","cod_b":5,"sigla":"BG","nombre":"BANCO GANADERO","tipo":1},{"cod_bc":7,"nro_cuenta":"1310209514","moneda":"M\/E","cod_b":5,"sigla":"BG","nombre":"BANCO GANADERO","tipo":1},{"cod_bc":8,"nro_cuenta":"1041005439","moneda":"M\/N","cod_b":8,"sigla":"BFORT","nombre":"BANCO FORTALEZA","tipo":1},{"cod_bc":190,"nro_cuenta":"432432432434","moneda":"M\/N","cod_b":1,"sigla":"ECO","nombre":"BANCO ECONOMICO S.A. ","tipo":1},{"cod_bc":191,"nro_cuenta":"5435435435435","moneda":"M\/N","cod_b":1,"sigla":"ECO","nombre":"BANCO ECONOMICO S.A. ","tipo":1},{"cod_bc":192,"nro_cuenta":"009929883","moneda":"M\/N","cod_b":4,"sigla":"FASSIL","nombre":"BANCO FASSIL S.A.","tipo":1},{"cod_bc":197,"nro_cuenta":"00000001","moneda":"M\/N","cod_b":1,"sigla":"ECO","nombre":"BANCO ECONOMICO S.A. ","tipo":1},{"cod_bc":198,"nro_cuenta":"845943543958","moneda":"M\/N","cod_b":6,"sigla":"FIE","nombre":"BANCO FIE S.A.","tipo":1},{"cod_bc":199,"nro_cuenta":"106255204","moneda":"M\/N","cod_b":3,"sigla":"BUN","nombre":"BANCO UNION","tipo":1},{"cod_bc":200,"nro_cuenta":"10413180200","moneda":"M\/N","cod_b":12,"sigla":"BPRO","nombre":"BANCO PRODEM S.A.","tipo":1},{"cod_bc":202,"nro_cuenta":"4072149009","moneda":"M\/N","cod_b":7,"sigla":"BMSC","nombre":"BANCO MERCANTIL SANTA CRUZ","tipo":1},{"cod_bc":204,"nro_cuenta":"60000033750","moneda":"M\/N","cod_b":6,"sigla":"FIE","nombre":"BANCO FIE S.A.","tipo":1}] ::Message=>   
[2024-06-21 05:08:14] production.INFO: Info Log MIP: User=>19 ::Result=>{"current_page":1,"data":[],"first_page_url":"http:\/\/127.0.0.1:8000\/api\/recibosOT\/impresiones?page=1","from":null,"last_page":1,"last_page_url":"http:\/\/127.0.0.1:8000\/api\/recibosOT\/impresiones?page=1","next_page_url":null,"path":"http:\/\/127.0.0.1:8000\/api\/recibosOT\/impresiones","per_page":10,"prev_page_url":null,"to":null,"total":0} ::Message=>   
[2024-06-21 05:08:17] production.INFO: Info Log MIP: User=>19 ::Result=>{"current_page":1,"data":[],"first_page_url":"http:\/\/127.0.0.1:8000\/api\/recibosOT\/impresiones?page=1","from":null,"last_page":1,"last_page_url":"http:\/\/127.0.0.1:8000\/api\/recibosOT\/impresiones?page=1","next_page_url":null,"path":"http:\/\/127.0.0.1:8000\/api\/recibosOT\/impresiones","per_page":10,"prev_page_url":null,"to":null,"total":0} ::Message=>   
[2024-06-21 05:08:20] production.INFO: Info Log MIP: User=>19 ::Result=>{"current_page":1,"data":[],"first_page_url":"http:\/\/127.0.0.1:8000\/api\/recibosOT\/impresiones?page=1","from":null,"last_page":1,"last_page_url":"http:\/\/127.0.0.1:8000\/api\/recibosOT\/impresiones?page=1","next_page_url":null,"path":"http:\/\/127.0.0.1:8000\/api\/recibosOT\/impresiones","per_page":10,"prev_page_url":null,"to":null,"total":0} ::Message=>   
